<?xml version="1.0" encoding="UTF-8"?>
<testsuite xmlns:xsi="http://www.w3.org/2001/XMLSchema-instance" xsi:noNamespaceSchemaLocation="https://maven.apache.org/surefire/maven-surefire-plugin/xsd/surefire-test-report.xsd" name="video.rental.demo.VideoRentalSystemTest" time="0.126" tests="2" errors="0" skipped="1" failures="0">
  <properties>
[...]
</properties>
  <testcase name="checkRunResultWithGoldenMaster" classname="video.rental.demo.VideoRentalSystemTest" time="0.107"/>
  <testcase name="generateGoldenMaster" classname="video.rental.demo.VideoRentalSystemTest" time="0">
    <skipped message="public void video.rental.demo.VideoRentalSystemTest.generateGoldenMaster() is @Disabled"/>
  </testcase>
</testsuite>